-------------------------------------------------------------------------------
Test set: superkey.keychain.KeyEntryTest
-------------------------------------------------------------------------------
Tests run: 6, Failures: 6, Errors: 0, Skipped: 0, Time elapsed: 0.004 sec <<< FAILURE! - in superkey.keychain.KeyEntryTest
testKey(superkey.keychain.KeyEntryTest)  Time elapsed: 0 sec  <<< FAILURE!
java.lang.AssertionError: expected null, but was:<appx	xx	secret@@@>
	at org.junit.Assert.fail(Assert.java:88)
	at org.junit.Assert.failNotNull(Assert.java:755)
	at org.junit.Assert.assertNull(Assert.java:737)
	at org.junit.Assert.assertNull(Assert.java:747)
	at superkey.keychain.KeyEntryTest.tearDown(KeyEntryTest.java:37)

testParse(superkey.keychain.KeyEntryTest)  Time elapsed: 0 sec  <<< FAILURE!
java.lang.AssertionError: expected null, but was:<appx	xx	secret@@@>
	at org.junit.Assert.fail(Assert.java:88)
	at org.junit.Assert.failNotNull(Assert.java:755)
	at org.junit.Assert.assertNull(Assert.java:737)
	at org.junit.Assert.assertNull(Assert.java:747)
	at superkey.keychain.KeyEntryTest.tearDown(KeyEntryTest.java:37)

testToString(superkey.keychain.KeyEntryTest)  Time elapsed: 0.001 sec  <<< FAILURE!
org.junit.ComparisonFailure: failed to format entry to string expected:<appx	xx	[secret@@@]> but was:<appx	xx	[]>
	at org.junit.Assert.assertEquals(Assert.java:115)
	at superkey.keychain.KeyEntryTest.testToString(KeyEntryTest.java:72)

testToString(superkey.keychain.KeyEntryTest)  Time elapsed: 0.001 sec  <<< FAILURE!
java.lang.AssertionError: expected null, but was:<appx	xx	secret@@@>
	at org.junit.Assert.fail(Assert.java:88)
	at org.junit.Assert.failNotNull(Assert.java:755)
	at org.junit.Assert.assertNull(Assert.java:737)
	at org.junit.Assert.assertNull(Assert.java:747)
	at superkey.keychain.KeyEntryTest.tearDown(KeyEntryTest.java:37)

testSetApplicationNameWithNull(superkey.keychain.KeyEntryTest)  Time elapsed: 0.001 sec  <<< FAILURE!
java.lang.AssertionError: expected null, but was:<appx	xx	secret@@@>
	at org.junit.Assert.fail(Assert.java:88)
	at org.junit.Assert.failNotNull(Assert.java:755)
	at org.junit.Assert.assertNull(Assert.java:737)
	at org.junit.Assert.assertNull(Assert.java:747)
	at superkey.keychain.KeyEntryTest.tearDown(KeyEntryTest.java:37)

testFormatAsCsv(superkey.keychain.KeyEntryTest)  Time elapsed: 0.002 sec  <<< FAILURE!
java.lang.AssertionError: expected null, but was:<appx	xx	secret@@@>
	at org.junit.Assert.fail(Assert.java:88)
	at org.junit.Assert.failNotNull(Assert.java:755)
	at org.junit.Assert.assertNull(Assert.java:737)
	at org.junit.Assert.assertNull(Assert.java:747)
	at superkey.keychain.KeyEntryTest.tearDown(KeyEntryTest.java:37)

