<?xml version="1.0" encoding="UTF-8"?>
<testsuite name="superkey.keychain.KeyChainTest" time="0.255" tests="7" errors="2" skipped="0" failures="2">
  <properties>
[...]
</properties>
  <testcase name="testInvalidMasterKey" classname="superkey.keychain.KeyChainTest" time="0.23"/>
  <testcase name="testPut" classname="superkey.keychain.KeyChainTest" time="0.009">
    <error type="java.lang.NullPointerException:">java.lang.NullPointerException: null
	at superkey.keychain.KeyChainTest.testPut(KeyChainTest.java:96)
</error>
    <system-out><![CDATA[Start test{
testPut
}End test

]]></system-out>
  </testcase>
  <testcase name="testFind" classname="superkey.keychain.KeyChainTest" time="0.002"/>
  <testcase name="testSave" classname="superkey.keychain.KeyChainTest" time="0.005">
    <error type="java.lang.NullPointerException:">java.lang.NullPointerException: null
	at superkey.keychain.KeyChainTest.testSave(KeyChainTest.java:164)
</error>
    <system-out><![CDATA[Start test{
testSave
}End test

]]></system-out>
  </testcase>
  <testcase name="testAllEntries" classname="superkey.keychain.KeyChainTest" time="0.004">
    <failure message="Cannot find entry&apos;s inserted expected:&lt;2&gt; but was:&lt;0&gt;" type="java.lang.AssertionError"><![CDATA[java.lang.AssertionError: Cannot find entry's inserted expected:<2> but was:<0>
	at org.junit.Assert.fail(Assert.java:88)
	at org.junit.Assert.failNotEquals(Assert.java:834)
	at org.junit.Assert.assertEquals(Assert.java:645)
	at superkey.keychain.KeyChainTest.testAllEntries(KeyChainTest.java:200)
]]></failure>
    <system-out><![CDATA[Start test{
testAllEntries
}End test

]]></system-out>
  </testcase>
  <testcase name="testValidMasterKey" classname="superkey.keychain.KeyChainTest" time="0.003"/>
  <testcase name="testDuplicatePut" classname="superkey.keychain.KeyChainTest" time="0.002">
    <failure message="Expected exception: java.lang.IllegalArgumentException" type="java.lang.AssertionError">java.lang.AssertionError: Expected exception: java.lang.IllegalArgumentException
	at org.junit.internal.runners.statements.ExpectException.evaluate(ExpectException.java:32)
	at org.junit.internal.runners.statements.RunBefores.evaluate(RunBefores.java:26)
	at org.junit.internal.runners.statements.RunAfters.evaluate(RunAfters.java:27)
	at org.junit.runners.ParentRunner.runLeaf(ParentRunner.java:325)
	at org.junit.runners.BlockJUnit4ClassRunner.runChild(BlockJUnit4ClassRunner.java:78)
	at org.junit.runners.BlockJUnit4ClassRunner.runChild(BlockJUnit4ClassRunner.java:57)
	at org.junit.runners.ParentRunner$3.run(ParentRunner.java:290)
	at org.junit.runners.ParentRunner$1.schedule(ParentRunner.java:71)
	at org.junit.runners.ParentRunner.runChildren(ParentRunner.java:288)
	at org.junit.runners.ParentRunner.access$000(ParentRunner.java:58)
	at org.junit.runners.ParentRunner$2.evaluate(ParentRunner.java:268)
	at org.junit.runners.ParentRunner.run(ParentRunner.java:363)
	at org.apache.maven.surefire.junit4.JUnit4Provider.execute(JUnit4Provider.java:264)
	at org.apache.maven.surefire.junit4.JUnit4Provider.executeTestSet(JUnit4Provider.java:153)
	at org.apache.maven.surefire.junit4.JUnit4Provider.invoke(JUnit4Provider.java:124)
	at org.apache.maven.surefire.booter.ForkedBooter.invokeProviderInSameClassLoader(ForkedBooter.java:200)
	at org.apache.maven.surefire.booter.ForkedBooter.runSuitesInProcess(ForkedBooter.java:153)
	at org.apache.maven.surefire.booter.ForkedBooter.main(ForkedBooter.java:103)
</failure>
    <system-out><![CDATA[Start test{
testDuplicatePut
}End test

]]></system-out>
  </testcase>
</testsuite>